2024-04-24 18:08:38,183 INFO [main] org.springframework.boot.StartupInfoLogger: Starting PrimermicroApplication using Java 20.0.2 with PID 8084 (C:\Users\jorge\Documents\workspace-spring-tool-suite-4-4.17.1.RELEASE\primermicro\target\classes started by jorge in C:\Users\jorge\Documents\workspace-spring-tool-suite-4-4.17.1.RELEASE\primermicro)
2024-04-24 18:08:38,189 DEBUG [main] org.springframework.boot.StartupInfoLogger: Running with Spring Boot v3.2.4, Spring v6.1.5
2024-04-24 18:08:38,192 INFO [main] org.springframework.boot.SpringApplication: No active profile set, falling back to 1 default profile: "default"
2024-04-24 18:08:44,559 INFO [main] org.springframework.data.repository.config.RepositoryConfigurationDelegate: Bootstrapping Spring Data JPA repositories in DEFAULT mode.
2024-04-24 18:08:44,988 INFO [main] org.springframework.data.repository.config.RepositoryConfigurationDelegate: Finished Spring Data repository scanning in 369 ms. Found 2 JPA repository interfaces.
2024-04-24 18:08:49,746 INFO [main] org.springframework.boot.web.embedded.tomcat.TomcatWebServer: Tomcat initialized with port 9090 (http)
2024-04-24 18:08:49,837 INFO [main] org.apache.juli.logging.DirectJDKLog: Initializing ProtocolHandler ["http-nio-9090"]
2024-04-24 18:08:49,877 INFO [main] org.apache.juli.logging.DirectJDKLog: Starting service [Tomcat]
2024-04-24 18:08:49,879 INFO [main] org.apache.juli.logging.DirectJDKLog: Starting Servlet engine: [Apache Tomcat/10.1.19]
2024-04-24 18:08:50,388 INFO [main] org.apache.juli.logging.DirectJDKLog: Initializing Spring embedded WebApplicationContext
2024-04-24 18:08:50,394 INFO [main] org.springframework.boot.web.servlet.context.ServletWebServerApplicationContext: Root WebApplicationContext: initialization completed in 11753 ms
2024-04-24 18:08:50,673 INFO [main] com.zaxxer.hikari.HikariDataSource: HikariPool-1 - Starting...
2024-04-24 18:08:52,127 INFO [main] com.zaxxer.hikari.pool.HikariPool: HikariPool-1 - Added connection conn0: url=jdbc:h2:mem:testdb user=SA
2024-04-24 18:08:52,133 INFO [main] com.zaxxer.hikari.HikariDataSource: HikariPool-1 - Start completed.
2024-04-24 18:08:52,275 INFO [main] org.springframework.boot.autoconfigure.h2.H2ConsoleAutoConfiguration: H2 console available at '/h2'. Database available at 'jdbc:h2:mem:testdb'
2024-04-24 18:08:53,868 INFO [main] org.hibernate.jpa.internal.util.LogHelper: HHH000204: Processing PersistenceUnitInfo [name: default]
2024-04-24 18:08:54,615 INFO [main] org.hibernate.Version: HHH000412: Hibernate ORM core version 6.4.4.Final
2024-04-24 18:08:55,012 INFO [main] org.hibernate.cache.internal.RegionFactoryInitiator: HHH000026: Second-level cache disabled
2024-04-24 18:08:57,006 INFO [main] org.springframework.orm.jpa.persistenceunit.SpringPersistenceUnitInfo: No LoadTimeWeaver setup: ignoring JPA class transformer
2024-04-24 18:08:57,516 WARN [main] org.hibernate.engine.jdbc.dialect.internal.DialectFactoryImpl: HHH90000025: H2Dialect does not need to be specified explicitly using 'hibernate.dialect' (remove the property setting and it will be selected by default)
2024-04-24 18:09:03,609 INFO [main] org.hibernate.engine.transaction.jta.platform.internal.JtaPlatformInitiator: HHH000489: No JTA platform available (set 'hibernate.transaction.jta.platform' to enable JTA platform integration)
2024-04-24 18:09:04,046 INFO [main] org.springframework.orm.jpa.AbstractEntityManagerFactoryBean: Initialized JPA EntityManagerFactory for persistence unit 'default'
2024-04-24 18:09:06,481 INFO [main] org.springframework.data.jpa.repository.query.QueryEnhancerFactory: Hibernate is in classpath; If applicable, HQL parser will be used.
2024-04-24 18:09:09,624 WARN [main] org.springframework.boot.autoconfigure.orm.jpa.JpaBaseConfiguration$JpaWebConfiguration: spring.jpa.open-in-view is enabled by default. Therefore, database queries may be performed during view rendering. Explicitly configure spring.jpa.open-in-view to disable this warning
2024-04-24 18:09:12,130 INFO [main] org.apache.juli.logging.DirectJDKLog: Starting ProtocolHandler ["http-nio-9090"]
2024-04-24 18:09:12,380 INFO [main] org.springframework.boot.web.embedded.tomcat.TomcatWebServer: Tomcat started on port 9090 (http) with context path ''
2024-04-24 18:09:12,492 INFO [main] org.springframework.boot.StartupInfoLogger: Started PrimermicroApplication in 37.691 seconds (process running for 41.414)
2024-04-24 18:09:55,923 INFO [http-nio-9090-exec-1] org.apache.juli.logging.DirectJDKLog: Initializing Spring DispatcherServlet 'dispatcherServlet'
2024-04-24 18:09:55,925 INFO [http-nio-9090-exec-1] org.springframework.web.servlet.FrameworkServlet: Initializing Servlet 'dispatcherServlet'
2024-04-24 18:09:55,932 INFO [http-nio-9090-exec-1] org.springframework.web.servlet.FrameworkServlet: Completed initialization in 6 ms
2024-04-24 18:09:56,980 INFO [http-nio-9090-exec-1] es.ejemplo.primermicro.controller.EmpleadoController: Fetching all employees...
2024-04-24 18:09:59,130 INFO [http-nio-9090-exec-1] es.ejemplo.primermicro.controller.EmpleadoController: Returning list of employees.
2024-04-24 18:10:14,435 INFO [http-nio-9090-exec-3] es.ejemplo.primermicro.controller.CentroController: Fetching all centers...
2024-04-24 18:10:14,449 INFO [http-nio-9090-exec-3] es.ejemplo.primermicro.controller.CentroController: Returning list of centers.
2024-04-24 18:10:19,979 INFO [http-nio-9090-exec-4] es.ejemplo.primermicro.controller.CentroController: Fetching center with ID: 101
2024-04-24 18:10:20,093 INFO [http-nio-9090-exec-4] es.ejemplo.primermicro.controller.CentroController: Center with ID 101 found: CentroEntity(numCentro=101, nombreCentro=ViewNext)
2024-04-24 18:10:23,787 INFO [http-nio-9090-exec-5] es.ejemplo.primermicro.controller.CentroController: Fetching center with ID: 1
2024-04-24 18:10:23,795 WARN [http-nio-9090-exec-5] es.ejemplo.primermicro.controller.CentroController: Center with ID 1 not found
2024-04-24 18:10:33,404 INFO [http-nio-9090-exec-8] es.ejemplo.primermicro.controller.EmpleadoController: Fetching employee with ID: 1
2024-04-24 18:10:33,445 INFO [http-nio-9090-exec-8] es.ejemplo.primermicro.controller.EmpleadoController: Employee found: EmpleadoEntity(idEmpleado=1, nombre=Juan, idCentro=101, centro=CentroEntity(numCentro=101, nombreCentro=ViewNext))
2024-04-24 18:10:41,275 INFO [http-nio-9090-exec-1] es.ejemplo.primermicro.controller.EmpleadoController: Fetching employee with ID: 101
2024-04-24 18:10:41,280 WARN [http-nio-9090-exec-1] es.ejemplo.primermicro.controller.EmpleadoController: Employee with ID 101 not found
2024-04-24 18:13:13,648 INFO [SpringApplicationShutdownHook] org.springframework.orm.jpa.AbstractEntityManagerFactoryBean: Closing JPA EntityManagerFactory for persistence unit 'default'
2024-04-24 18:13:13,656 INFO [SpringApplicationShutdownHook] com.zaxxer.hikari.HikariDataSource: HikariPool-1 - Shutdown initiated...
2024-04-24 18:13:13,668 INFO [SpringApplicationShutdownHook] com.zaxxer.hikari.HikariDataSource: HikariPool-1 - Shutdown completed.
